<?xml version="1.0" encoding="UTF-8"?>
<!-- Generated by org.testng.reporters.JUnitReportReporter -->
<testsuite hostname="LAPTOP-VLQIA0J0" failures="0" tests="3" name="testCases.TC001_AccountRegistrationTest" time="12.308" errors="0" timestamp="2025-04-30T20:33:34 IST" skipped="0">
  <testcase classname="testCases.TC001_AccountRegistrationTest" name="verifyUserCanRegisterSuccessfully" time="2.543"/>
  <testcase classname="testCases.TC001_AccountRegistrationTest" name="verifyUserCanRegisterSuccessfully" time="4.060"/>
  <testcase classname="testCases.TC001_AccountRegistrationTest" name="verifyUserCanRegisterSuccessfully" time="5.705"/>
</testsuite> <!-- testCases.TC001_AccountRegistrationTest -->
