<?xml version="1.0" encoding="UTF-8"?>
<!-- Generated by org.testng.reporters.JUnitReportReporter -->
<testsuite hostname="LAPTOP-VLQIA0J0" failures="0" tests="1" name="testCases.TC001_AccountRegistrationTest" time="4.024" errors="0" timestamp="2025-04-29T17:11:15 IST" skipped="0">
  <testcase classname="testCases.TC001_AccountRegistrationTest" name="userRegistrationTest" time="4.024"/>
</testsuite> <!-- testCases.TC001_AccountRegistrationTest -->
