<?xml version="1.0" encoding="UTF-8"?>
<!-- Generated by org.testng.reporters.JUnitReportReporter -->
<testsuite hostname="LAPTOP-VLQIA0J0" failures="0" tests="3" name="testCases.TC001_AccountRegistrationTest" time="17.891" errors="0" timestamp="2025-05-01T11:11:25 IST" skipped="0">
  <testcase classname="testCases.TC001_AccountRegistrationTest" name="verifyUserCanRegisterSuccessfully" time="3.308"/>
  <testcase classname="testCases.TC001_AccountRegistrationTest" name="verifyUserCanRegisterSuccessfully" time="8.640"/>
  <testcase classname="testCases.TC001_AccountRegistrationTest" name="verifyUserCanRegisterSuccessfully" time="5.943"/>
</testsuite> <!-- testCases.TC001_AccountRegistrationTest -->
